0 info it worked if it ends with ok
1 verbose cli [ 'D:\\Node.js\\node.exe',
1 verbose cli   'D:\\Node.js\\node_modules\\npm\\bin\\npm-cli.js',
1 verbose cli   'run',
1 verbose cli   'lint' ]
2 info using npm@3.10.10
3 info using node@v6.9.5
4 verbose run-script [ 'prelint', 'lint', 'postlint' ]
5 info lifecycle neteasymusic@1.0.0~prelint: neteasymusic@1.0.0
6 silly lifecycle neteasymusic@1.0.0~prelint: no script for prelint, continuing
7 info lifecycle neteasymusic@1.0.0~lint: neteasymusic@1.0.0
8 verbose lifecycle neteasymusic@1.0.0~lint: unsafe-perm in lifecycle true
9 verbose lifecycle neteasymusic@1.0.0~lint: PATH: D:\Node.js\node_modules\npm\bin\node-gyp-bin;C:\Users\Administrator\Desktop\netEasyMusic\node_modules\.bin;C:\Users\Administrator\my_scripts;C:\Users\Administrator\my_scripts;C:\Users\Administrator\my_scripts;C:\Users\Administrator\my_scripts;C:\Users\Administrator\my_scripts;C:\Users\Administrator\my_scripts;C:\Users\Administrator\my_scripts;C:\Users\Administrator\my_scripts;C:\Users\Administrator\bin;D:\Git\mingw32\bin;D:\Git\usr\local\bin;D:\Git\usr\bin;D:\Git\usr\bin;D:\Git\cmd;D:\Git\usr\bin;D:\ConEmu\ConEmu\Scripts;D:\ConEmu\ConEmu;C:\Python27;C:\Python27\Scripts;C:\Windows\system32;C:\Windows;C:\Windows\System32\Wbem;C:\Windows\System32\WindowsPowerShell\v1.0;D:\Node.js;D:\Git\cmd;D:\Git\mingw32\bin;D:\Git\usr\bin;D:\Git\mingw32\libexec\git-core;C:\ProgramData\chocolatey\bin;D:\ConEmu;C:\Users\Administrator\AppData\Roaming\npm;D:\Microsoft VS Code\bin;D:\cmder\Cmder.exe ;D:\Git\usr\bin\vendor_perl;D:\Git\usr\bin\core_perl
10 verbose lifecycle neteasymusic@1.0.0~lint: CWD: C:\Users\Administrator\Desktop\netEasyMusic
11 silly lifecycle neteasymusic@1.0.0~lint: Args: [ '/d /s /c', 'gulp lint' ]
12 silly lifecycle neteasymusic@1.0.0~lint: Returned: code: 1  signal: null
13 info lifecycle neteasymusic@1.0.0~lint: Failed to exec lint script
14 verbose stack Error: neteasymusic@1.0.0 lint: `gulp lint`
14 verbose stack Exit status 1
14 verbose stack     at EventEmitter.<anonymous> (D:\Node.js\node_modules\npm\lib\utils\lifecycle.js:255:16)
14 verbose stack     at emitTwo (events.js:106:13)
14 verbose stack     at EventEmitter.emit (events.js:191:7)
14 verbose stack     at ChildProcess.<anonymous> (D:\Node.js\node_modules\npm\lib\utils\spawn.js:40:14)
14 verbose stack     at emitTwo (events.js:106:13)
14 verbose stack     at ChildProcess.emit (events.js:191:7)
14 verbose stack     at maybeClose (internal/child_process.js:877:16)
14 verbose stack     at Process.ChildProcess._handle.onexit (internal/child_process.js:226:5)
15 verbose pkgid neteasymusic@1.0.0
16 verbose cwd C:\Users\Administrator\Desktop\netEasyMusic
17 error Windows_NT 6.1.7601
18 error argv "D:\\Node.js\\node.exe" "D:\\Node.js\\node_modules\\npm\\bin\\npm-cli.js" "run" "lint"
19 error node v6.9.5
20 error npm  v3.10.10
21 error code ELIFECYCLE
22 error neteasymusic@1.0.0 lint: `gulp lint`
22 error Exit status 1
23 error Failed at the neteasymusic@1.0.0 lint script 'gulp lint'.
23 error Make sure you have the latest version of node.js and npm installed.
23 error If you do, this is most likely a problem with the neteasymusic package,
23 error not with npm itself.
23 error Tell the author that this fails on your system:
23 error     gulp lint
23 error You can get information on how to open an issue for this project with:
23 error     npm bugs neteasymusic
23 error Or if that isn't available, you can get their info via:
23 error     npm owner ls neteasymusic
23 error There is likely additional logging output above.
24 verbose exit [ 1, true ]
